# JRE version: Java(TM) SE Runtime Environment (21.0.8+12) (build 21.0.8+12-LTS-250)
# Java VM: Java HotSpot(TM) 64-Bit Server VM (21.0.8+12-LTS-250, mixed mode, sharing, tiered, compressed oops, compressed class ptrs, g1 gc, windows-amd64)
GC Precious Log:
 CardTable entry size: 512
 Card Set container configuration: InlinePtr #cards 5 size 8 Array Of Cards #cards 12 size 40 Howl #buckets 4 coarsen threshold 1843 Howl Bitmap #cards 512 size 80 coarsen threshold 460 Card regions per heap region 1 cards per card region 2048
 CPUs: 12 total, 12 available
 Memory: 7529M
 Large Page Support: Disabled
 NUMA Support: Disabled
 Compressed Oops: Enabled (32-bit)
 Heap Region Size: 1M
 Heap Min Capacity: 8M
 Heap Initial Capacity: 118M
 Heap Max Capacity: 1884M
 Pre-touch: Disabled
 Parallel Workers: 10
 Concurrent Workers: 3
 Concurrent Refinement Workers: 10
 Periodic GC: Disabled
Heap:
 garbage-first heap   total 61440K, used 29504K [0x000000008a400000, 0x0000000100000000)
  region size 1024K, 6 young (6144K), 3 survivors (3072K)
 Metaspace       used 60291K, committed 60928K, reserved 1114112K
  class space    used 8079K, committed 8384K, reserved 1048576K
GC Heap History (20 events):
Event: 0.469 GC heap before
{Heap before GC invocations=0 (full 0):
 garbage-first heap   total 120832K, used 24576K [0x000000008a400000, 0x0000000100000000)
  region size 1024K, 23 young (23552K), 0 survivors (0K)
 Metaspace       used 5183K, committed 5376K, reserved 1114112K
  class space    used 586K, committed 704K, reserved 1048576K
}
Event: 0.473 GC heap after
{Heap after GC invocations=1 (full 0):
 garbage-first heap   total 120832K, used 7487K [0x000000008a400000, 0x0000000100000000)
  region size 1024K, 3 young (3072K), 3 survivors (3072K)
 Metaspace       used 5183K, committed 5376K, reserved 1114112K
  class space    used 586K, committed 704K, reserved 1048576K
}
Event: 0.893 GC heap before
{Heap before GC invocations=1 (full 0):
 garbage-first heap   total 120832K, used 37183K [0x000000008a400000, 0x0000000100000000)
  region size 1024K, 33 young (33792K), 3 survivors (3072K)
 Metaspace       used 12761K, committed 13056K, reserved 1114112K
  class space    used 1695K, committed 1792K, reserved 1048576K
}
Event: 0.897 GC heap after
{Heap after GC invocations=2 (full 0):
 garbage-first heap   total 120832K, used 10179K [0x000000008a400000, 0x0000000100000000)
  region size 1024K, 3 young (3072K), 3 survivors (3072K)
 Metaspace       used 12761K, committed 13056K, reserved 1114112K
  class space    used 1695K, committed 1792K, reserved 1048576K
}
Event: 1.250 GC heap before
{Heap before GC invocations=2 (full 0):
 garbage-first heap   total 120832K, used 47043K [0x000000008a400000, 0x0000000100000000)
  region size 1024K, 41 young (41984K), 3 survivors (3072K)
 Metaspace       used 21202K, committed 21504K, reserved 1114112K
  class space    used 2667K, committed 2816K, reserved 1048576K
}
Event: 1.255 GC heap after
{Heap after GC invocations=3 (full 0):
 garbage-first heap   total 120832K, used 13681K [0x000000008a400000, 0x0000000100000000)
  region size 1024K, 6 young (6144K), 6 survivors (6144K)
 Metaspace       used 21202K, committed 21504K, reserved 1114112K
  class space    used 2667K, committed 2816K, reserved 1048576K
}
Event: 1.766 GC heap before
{Heap before GC invocations=4 (full 0):
 garbage-first heap   total 51200K, used 50545K [0x000000008a400000, 0x0000000100000000)
  region size 1024K, 42 young (43008K), 6 survivors (6144K)
 Metaspace       used 25842K, committed 26176K, reserved 1114112K
  class space    used 3219K, committed 3392K, reserved 1048576K
}
Event: 1.771 GC heap after
{Heap after GC invocations=5 (full 0):
 garbage-first heap   total 61440K, used 16791K [0x000000008a400000, 0x0000000100000000)
  region size 1024K, 7 young (7168K), 7 survivors (7168K)
 Metaspace       used 25842K, committed 26176K, reserved 1114112K
  class space    used 3219K, committed 3392K, reserved 1048576K
}
Event: 2.358 GC heap before
{Heap before GC invocations=5 (full 0):
 garbage-first heap   total 61440K, used 46487K [0x000000008a400000, 0x0000000100000000)
  region size 1024K, 36 young (36864K), 7 survivors (7168K)
 Metaspace       used 30501K, committed 30912K, reserved 1114112K
  class space    used 3901K, committed 4096K, reserved 1048576K
}
Event: 2.363 GC heap after
{Heap after GC invocations=6 (full 0):
 garbage-first heap   total 61440K, used 19322K [0x000000008a400000, 0x0000000100000000)
  region size 1024K, 4 young (4096K), 4 survivors (4096K)
 Metaspace       used 30501K, committed 30912K, reserved 1114112K
  class space    used 3901K, committed 4096K, reserved 1048576K
}
Event: 2.896 GC heap before
{Heap before GC invocations=6 (full 0):
 garbage-first heap   total 61440K, used 44922K [0x000000008a400000, 0x0000000100000000)
  region size 1024K, 30 young (30720K), 4 survivors (4096K)
 Metaspace       used 35654K, committed 36096K, reserved 1114112K
  class space    used 4504K, committed 4672K, reserved 1048576K
}
Event: 2.899 GC heap after
{Heap after GC invocations=7 (full 0):
 garbage-first heap   total 61440K, used 21465K [0x000000008a400000, 0x0000000100000000)
  region size 1024K, 3 young (3072K), 3 survivors (3072K)
 Metaspace       used 35654K, committed 36096K, reserved 1114112K
  class space    used 4504K, committed 4672K, reserved 1048576K
}
Event: 3.498 GC heap before
{Heap before GC invocations=8 (full 0):
 garbage-first heap   total 61440K, used 50137K [0x000000008a400000, 0x0000000100000000)
  region size 1024K, 31 young (31744K), 3 survivors (3072K)
 Metaspace       used 42309K, committed 42816K, reserved 1114112K
  class space    used 5537K, committed 5760K, reserved 1048576K
}
Event: 3.501 GC heap after
{Heap after GC invocations=9 (full 0):
 garbage-first heap   total 61440K, used 23081K [0x000000008a400000, 0x0000000100000000)
  region size 1024K, 4 young (4096K), 4 survivors (4096K)
 Metaspace       used 42309K, committed 42816K, reserved 1114112K
  class space    used 5537K, committed 5760K, reserved 1048576K
}
Event: 3.986 GC heap before
{Heap before GC invocations=9 (full 0):
 garbage-first heap   total 61440K, used 50729K [0x000000008a400000, 0x0000000100000000)
  region size 1024K, 32 young (32768K), 4 survivors (4096K)
 Metaspace       used 49386K, committed 49984K, reserved 1114112K
  class space    used 6417K, committed 6720K, reserved 1048576K
}
Event: 3.989 GC heap after
{Heap after GC invocations=10 (full 0):
 garbage-first heap   total 61440K, used 24543K [0x000000008a400000, 0x0000000100000000)
  region size 1024K, 4 young (4096K), 4 survivors (4096K)
 Metaspace       used 49386K, committed 49984K, reserved 1114112K
  class space    used 6417K, committed 6720K, reserved 1048576K
}
Event: 4.363 GC heap before
{Heap before GC invocations=10 (full 0):
 garbage-first heap   total 61440K, used 51167K [0x000000008a400000, 0x0000000100000000)
  region size 1024K, 31 young (31744K), 4 survivors (4096K)
 Metaspace       used 56104K, committed 56704K, reserved 1114112K
  class space    used 7525K, committed 7808K, reserved 1048576K
}
Event: 4.365 GC heap after
{Heap after GC invocations=11 (full 0):
 garbage-first heap   total 61440K, used 25764K [0x000000008a400000, 0x0000000100000000)
  region size 1024K, 3 young (3072K), 3 survivors (3072K)
 Metaspace       used 56104K, committed 56704K, reserved 1114112K
  class space    used 7525K, committed 7808K, reserved 1048576K
}
Event: 5.623 GC heap before
{Heap before GC invocations=11 (full 0):
 garbage-first heap   total 61440K, used 42148K [0x000000008a400000, 0x0000000100000000)
  region size 1024K, 20 young (20480K), 3 survivors (3072K)
 Metaspace       used 59728K, committed 60288K, reserved 1114112K
  class space    used 7988K, committed 8256K, reserved 1048576K
}
Event: 5.627 GC heap after
{Heap after GC invocations=12 (full 0):
 garbage-first heap   total 61440K, used 27456K [0x000000008a400000, 0x0000000100000000)
  region size 1024K, 3 young (3072K), 3 survivors (3072K)
 Metaspace       used 59728K, committed 60288K, reserved 1114112K
  class space    used 7988K, committed 8256K, reserved 1048576K
}

